<?xml version="1.0" encoding="utf-8"?><testsuites name="pytest tests"><testsuite name="pytest" errors="0" failures="0" skipped="0" tests="38" time="7.707" timestamp="2026-07-09T13:52:54.727975+00:00" hostname="agent-env-9bfaa2f7-968a-4beb-ae98-ad28cee3d620"><testcase classname="tests.backend_test.TestHealth" name="test_root" time="0.207" /><testcase classname="tests.backend_test.TestAuth" name="test_login_success" time="0.274" /><testcase classname="tests.backend_test.TestAuth" name="test_login_wrong_password" time="0.269" /><testcase classname="tests.backend_test.TestAuth" name="test_me_requires_auth" time="0.048" /><testcase classname="tests.backend_test.TestAuth" name="test_me_success" time="0.321" /><testcase classname="tests.backend_test.TestPublicProducts" name="test_list_products" time="0.047" /><testcase classname="tests.backend_test.TestPublicProducts" name="test_filter_by_search" time="0.050" /><testcase classname="tests.backend_test.TestPublicProducts" name="test_filter_featured" time="0.046" /><testcase classname="tests.backend_test.TestPublicProducts" name="test_get_product_by_slug" time="0.049" /><testcase classname="tests.backend_test.TestPublicProducts" name="test_get_product_404" time="0.045" /><testcase classname="tests.backend_test.TestPublicProducts" name="test_list_categories" time="0.048" /><testcase classname="tests.backend_test.TestAdminProtection" name="test_unauthenticated[/admin/products]" time="0.097" /><testcase classname="tests.backend_test.TestAdminProtection" name="test_unauthenticated[/admin/orders]" time="0.054" /><testcase classname="tests.backend_test.TestAdminProtection" name="test_unauthenticated[/admin/bulk-inquiries]" time="0.047" /><testcase classname="tests.backend_test.TestAdminProtection" name="test_unauthenticated[/admin/contact-messages]" time="0.050" /><testcase classname="tests.backend_test.TestAdminProtection" name="test_unauthenticated[/admin/analytics/summary]" time="0.044" /><testcase classname="tests.backend_test.TestAdminProtection" name="test_unauthenticated[/coupons]" time="0.046" /><testcase classname="tests.backend_test.TestCoupons" name="test_validate_valid_coupon_with_min_order" time="0.047" /><testcase classname="tests.backend_test.TestCoupons" name="test_validate_below_min" time="0.055" /><testcase classname="tests.backend_test.TestCoupons" name="test_validate_invalid_code" time="0.045" /><testcase classname="tests.backend_test.TestCoupons" name="test_admin_coupon_crud" time="0.192" /><testcase classname="tests.backend_test.TestAdminCategories" name="test_category_crud" time="0.140" /><testcase classname="tests.backend_test.TestAdminProducts" name="test_product_crud" time="0.238" /><testcase classname="tests.backend_test.TestOrders" name="test_create_order_no_coupon" time="0.099" /><testcase classname="tests.backend_test.TestOrders" name="test_create_order_with_valid_coupon" time="0.050" /><testcase classname="tests.backend_test.TestOrders" name="test_track_order_not_found" time="0.046" /><testcase classname="tests.backend_test.TestOrders" name="test_create_order_invalid_product" time="0.051" /><testcase classname="tests.backend_test.TestOrders" name="test_admin_status_update_flow" time="0.295" /><testcase classname="tests.backend_test.TestBulkInquiries" name="test_create_and_admin_flow" time="0.141" /><testcase classname="tests.backend_test.TestContactMessages" name="test_create_and_list" time="0.142" /><testcase classname="tests.backend_test.TestAnalytics" name="test_summary" time="0.057" /><testcase classname="tests.backend_test.TestCataloguePDF" name="test_public_catalogue_pdf" time="0.067" /><testcase classname="tests.backend_test.TestInvoicePDF" name="test_invoice_pdf_via_token_query" time="0.105" /><testcase classname="tests.backend_test.TestInvoicePDF" name="test_invoice_pdf_via_bearer_header" time="0.043" /><testcase classname="tests.backend_test.TestInvoicePDF" name="test_invoice_pdf_no_auth" time="0.140" /><testcase classname="tests.backend_test.TestInvoicePDF" name="test_invoice_pdf_invalid_token" time="0.131" /><testcase classname="tests.backend_test.TestInvoicePDF" name="test_invoice_pdf_order_not_found" time="0.101" /><testcase classname="tests.backend_test.TestZZZRateLimit" name="test_login_rate_limit_429" time="3.672" /></testsuite></testsuites>